<?xml version="1.0" encoding="UTF-8"?>
<testsuite xmlns:xsi="http://www.w3.org/2001/XMLSchema-instance" xsi:noNamespaceSchemaLocation="https://maven.apache.org/surefire/maven-surefire-plugin/xsd/surefire-test-report-3.0.xsd" version="3.0" name="CoordinateSpaceTest" time="0.049" tests="4" errors="0" skipped="0" failures="0">
  <properties>
[...]
</properties>
  <testcase name="testHitBottomBatman" classname="CoordinateSpaceTest" time="0.021"/>
  <testcase name="testHitOutside" classname="CoordinateSpaceTest" time="0.001"/>
  <testcase name="testTopBatmanFirstSegment" classname="CoordinateSpaceTest" time="0.002"/>
  <testcase name="testHitTopBatman" classname="CoordinateSpaceTest" time="0.001"/>
</testsuite>